Error: EACCES: permission denied, open '/var/www/html/GroupJoob/var/sessions/dev/sess_fkkepreich6umberbs2b52o207'
    at Object.fs.openSync (fs.js:584:18)
    at Object.module.(anonymous function) [as openSync] (ELECTRON_ASAR.js:173:20)
    at Object.fs.readFileSync (fs.js:491:33)
    at Object.fs.readFileSync (ELECTRON_ASAR.js:505:29)
    at VscodeEditor.getFileContent (/home/minetou/.vscode/extensions/qiu8310.dot-template-vscode-0.0.6/out/adapter/VscodeEditor.js:184:19)
    at isFileEmpty (/home/minetou/.vscode/extensions/qiu8310.dot-template-vscode-0.0.6/node_modules/dot-template-core/out/core/commands/Command.js:65:113)
    at /home/minetou/.vscode/extensions/qiu8310.dot-template-vscode-0.0.6/node_modules/dot-template-core/out/core/commands/Command.js:72:80
    at Array.filter (native)
    at CreateTemplateFilesCommand.Command.filter (/home/minetou/.vscode/extensions/qiu8310.dot-template-vscode-0.0.6/node_modules/dot-template-core/out/core/commands/Command.js:70:14)
    at new CreateTemplateFilesCommand (/home/minetou/.vscode/extensions/qiu8310.dot-template-vscode-0.0.6/node_modules/dot-template-core/out/core/commands/CreateTemplateFilesCommand.js:31:29)
    at /home/minetou/.vscode/extensions/qiu8310.dot-template-vscode-0.0.6/node_modules/dot-template-core/out/core/Commander.js:160:80
    at Commander.<anonymous> (/home/minetou/.vscode/extensions/qiu8310.dot-template-vscode-0.0.6/node_modules/dot-template-core/out/core/Commander.js:129:46)
    at step (/home/minetou/.vscode/extensions/qiu8310.dot-template-vscode-0.0.6/node_modules/tslib/tslib.js:133:27)
    at Object.next (/home/minetou/.vscode/extensions/qiu8310.dot-template-vscode-0.0.6/node_modules/tslib/tslib.js:114:57)
    at /home/minetou/.vscode/extensions/qiu8310.dot-template-vscode-0.0.6/node_modules/tslib/tslib.js:107:75
    at Promise (<anonymous>)
    at Object.__awaiter (/home/minetou/.vscode/extensions/qiu8310.dot-template-vscode-0.0.6/node_modules/tslib/tslib.js:103:16)
    at Commander.wrap (/home/minetou/.vscode/extensions/qiu8310.dot-template-vscode-0.0.6/node_modules/dot-template-core/out/core/Commander.js:123:24)
    at Commander.<anonymous> (/home/minetou/.vscode/extensions/qiu8310.dot-template-vscode-0.0.6/node_modules/dot-template-core/out/core/Commander.js:160:44)
    at step (/home/minetou/.vscode/extensions/qiu8310.dot-template-vscode-0.0.6/node_modules/tslib/tslib.js:133:27)
    at Object.next (/home/minetou/.vscode/extensions/qiu8310.dot-template-vscode-0.0.6/node_modules/tslib/tslib.js:114:57)
    at /home/minetou/.vscode/extensions/qiu8310.dot-template-vscode-0.0.6/node_modules/tslib/tslib.js:107:75
    at Promise (<anonymous>)
    at Object.__awaiter (/home/minetou/.vscode/extensions/qiu8310.dot-template-vscode-0.0.6/node_modules/tslib/tslib.js:103:16)
    at Commander.addCreateTemplateFilesCommand (/home/minetou/.vscode/extensions/qiu8310.dot-template-vscode-0.0.6/node_modules/dot-template-core/out/core/Commander.js:157:24)
    at Application.<anonymous> (/home/minetou/.vscode/extensions/qiu8310.dot-template-vscode-0.0.6/node_modules/dot-template-core/out/core/Application.js:49:61)
    at step (/home/minetou/.vscode/extensions/qiu8310.dot-template-vscode-0.0.6/node_modules/tslib/tslib.js:133:27)
    at Object.next (/home/minetou/.vscode/extensions/qiu8310.dot-template-vscode-0.0.6/node_modules/tslib/tslib.js:114:57)
    at /home/minetou/.vscode/extensions/qiu8310.dot-template-vscode-0.0.6/node_modules/tslib/tslib.js:107:75
    at Promise (<anonymous>)
    at Object.__awaiter (/home/minetou/.vscode/extensions/qiu8310.dot-template-vscode-0.0.6/node_modules/tslib/tslib.js:103:16)
    at Application.createTemplateFiles (/home/minetou/.vscode/extensions/qiu8310.dot-template-vscode-0.0.6/node_modules/dot-template-core/out/core/Application.js:47:28)
    at Application.<anonymous> (/home/minetou/.vscode/extensions/qiu8310.dot-template-vscode-0.0.6/node_modules/dot-template-core/out/core/Application.js:109:51)
    at step (/home/minetou/.vscode/extensions/qiu8310.dot-template-vscode-0.0.6/node_modules/tslib/tslib.js:133:27)